<?xml version="1.0" encoding="UTF-8"?>
<!-- Generated by org.testng.reporters.JUnitReportReporter -->
<testsuite skipped="0" hostname="LAPTOP-EFHEOHBS" name="Hlo" tests="1" failures="0" timestamp="13 Dec 2022 04:42:46 GMT" time="27.944" errors="0">
  <testcase name="m1" time="27.944" classname="Hlo"/>
</testsuite> <!-- Hlo -->
